app/build/outputs/logs/manifest-merger-debug-report.txt
-- Merging decision tree log ---
manifest
ADDED from src\main\AndroidManifest.xml:2:1-304:12
	package
		ADDED from src\main\AndroidManifest.xml:3:5-30
		INJECTED from src\main\AndroidManifest.xml
		INJECTED from src\main\AndroidManifest.xml
	android:versionName
		ADDED from src\main\AndroidManifest.xml:5:5-42
	android:versionCode
		ADDED from src\main\AndroidManifest.xml:4:5-31
		INJECTED from src\main\AndroidManifest.xml
		INJECTED from src\main\AndroidManifest.xml
	xmlns:android
		ADDED from src\main\AndroidManifest.xml:2:11-69
uses-sdk
ADDED from src\main\AndroidManifest.xml:7:5-9:41
MERGED from [com.android.support:support-v4:21.0.3] AndroidManifest.xml:15:5-42
	android:targetSdkVersion
		ADDED from src\main\AndroidManifest.xml:9:9-38
		INJECTED from src\main\AndroidManifest.xml
		INJECTED from src\main\AndroidManifest.xml
	android:minSdkVersion
		ADDED from src\main\AndroidManifest.xml:8:9-34
		INJECTED from src\main\AndroidManifest.xml
		INJECTED from src\main\AndroidManifest.xml
uses-permission#android.permission.CALL_PHONE
ADDED from src\main\AndroidManifest.xml:11:5-69
	android:name
		ADDED from src\main\AndroidManifest.xml:11:22-66
uses-permission#android.permission.ACCESS_NETWORK_STATE
ADDED from src\main\AndroidManifest.xml:12:5-79
	android:name
		ADDED from src\main\AndroidManifest.xml:12:22-76
uses-permission#android.permission.ACCESS_WIFI_STATE
ADDED from src\main\AndroidManifest.xml:13:5-76
	android:name
		ADDED from src\main\AndroidManifest.xml:13:22-73
uses-permission#android.permission.CHANGE_WIFI_STATE
ADDED from src\main\AndroidManifest.xml:14:5-76
	android:name
		ADDED from src\main\AndroidManifest.xml:14:22-73
uses-permission#android.permission.INTERNET
ADDED from src\main\AndroidManifest.xml:15:5-67
	android:name
		ADDED from src\main\AndroidManifest.xml:15:22-64
uses-permission#android.permission.CAMERA
ADDED from src\main\AndroidManifest.xml:16:5-65
	android:name
		ADDED from src\main\AndroidManifest.xml:16:22-62
uses-permission#android.permission.WRITE_EXTERNAL_STORAGE
ADDED from src\main\AndroidManifest.xml:17:5-81
	android:name
		ADDED from src\main\AndroidManifest.xml:17:22-78
uses-permission#android.permission.RECORD_AUDIO
ADDED from src\main\AndroidManifest.xml:18:5-71
	android:name
		ADDED from src\main\AndroidManifest.xml:18:22-68
uses-permission#android.permission.SYSTEM_ALERT_WINDOW
ADDED from src\main\AndroidManifest.xml:19:5-78
	android:name
		ADDED from src\main\AndroidManifest.xml:19:22-75
uses-permission#android.permission.GET_TASKS
ADDED from src\main\AndroidManifest.xml:20:5-68
	android:name
		ADDED from src\main\AndroidManifest.xml:20:22-65
uses-permission#android.permission.ACCESS_COARSE_LOCATION
ADDED from src\main\AndroidManifest.xml:21:5-81
	android:name
		ADDED from src\main\AndroidManifest.xml:21:22-78
uses-permission#android.permission.ACCESS_FINE_LOCATION
ADDED from src\main\AndroidManifest.xml:22:5-79
	android:name
		ADDED from src\main\AndroidManifest.xml:22:22-76
uses-permission#android.permission.READ_CONTACTS
ADDED from src\main\AndroidManifest.xml:23:5-72
	android:name
		ADDED from src\main\AndroidManifest.xml:23:22-69
uses-permission#android.permission.READ_PHONE_STATE
ADDED from src\main\AndroidManifest.xml:24:5-75
	android:name
		ADDED from src\main\AndroidManifest.xml:24:22-72
uses-feature#android.hardware.camera
ADDED from src\main\AndroidManifest.xml:26:5-60
	android:name
		ADDED from src\main\AndroidManifest.xml:26:19-57
uses-feature#android.hardware.camera.autofocus
ADDED from src\main\AndroidManifest.xml:27:5-70
	android:name
		ADDED from src\main\AndroidManifest.xml:27:19-67
uses-permission#android.permission.VIBRATE
ADDED from src\main\AndroidManifest.xml:29:5-66
	android:name
		ADDED from src\main\AndroidManifest.xml:29:22-63
uses-permission#android.permission.FLASHLIGHT
ADDED from src\main\AndroidManifest.xml:30:5-69
	android:name
		ADDED from src\main\AndroidManifest.xml:30:22-66
uses-permission#android.permission.WAKE_LOCK
ADDED from src\main\AndroidManifest.xml:31:5-68
	android:name
		ADDED from src\main\AndroidManifest.xml:31:22-65
application
ADDED from src\main\AndroidManifest.xml:34:5-302:19
MERGED from [com.android.support:support-v4:21.0.3] AndroidManifest.xml:16:5-19
	android:label
		ADDED from src\main\AndroidManifest.xml:38:9-41
	android:allowBackup
		ADDED from src\main\AndroidManifest.xml:36:9-35
	android:icon
		ADDED from src\main\AndroidManifest.xml:37:9-45
	android:largeHeap
		ADDED from src\main\AndroidManifest.xml:39:9-33
	android:theme
		ADDED from src\main\AndroidManifest.xml:40:9-40
	android:name
		ADDED from src\main\AndroidManifest.xml:35:9-61
activity#com.hiibox.houseshelter.activity.SplashActivity
ADDED from src\main\AndroidManifest.xml:41:9-51:20
	android:screenOrientation
		ADDED from src\main\AndroidManifest.xml:44:13-49
	android:label
		ADDED from src\main\AndroidManifest.xml:43:13-45
	android:theme
		ADDED from src\main\AndroidManifest.xml:45:13-50
	android:name
		ADDED from src\main\AndroidManifest.xml:42:13-75
intent-filter#android.intent.action.MAIN+android.intent.category.LAUNCHER
ADDED from src\main\AndroidManifest.xml:46:13-50:29
action#android.intent.action.MAIN
ADDED from src\main\AndroidManifest.xml:47:17-69
	android:name
		ADDED from src\main\AndroidManifest.xml:47:25-66
category#android.intent.category.LAUNCHER
ADDED from src\main\AndroidManifest.xml:49:17-77
	android:name
		ADDED from src\main\AndroidManifest.xml:49:27-74
activity#com.hiibox.houseshelter.activity.testhomeactivity
ADDED from src\main\AndroidManifest.xml:52:9-58:20
	android:screenOrientation
		ADDED from src\main\AndroidManifest.xml:56:13-49
	android:launchMode
		ADDED from src\main\AndroidManifest.xml:55:13-43
	android:configChanges
		ADDED from src\main\AndroidManifest.xml:54:13-74
	android:theme
		ADDED from src\main\AndroidManifest.xml:57:13-50
	android:name
		ADDED from src\main\AndroidManifest.xml:53:13-77
activity#com.hiibox.houseshelter.activity.HomepageActivity
ADDED from src\main\AndroidManifest.xml:59:9-65:20
	android:screenOrientation
		ADDED from src\main\AndroidManifest.xml:63:13-49
	android:launchMode
		ADDED from src\main\AndroidManifest.xml:62:13-43
	android:configChanges
		ADDED from src\main\AndroidManifest.xml:61:13-74
	android:theme
		ADDED from src\main\AndroidManifest.xml:64:13-50
	android:name
		ADDED from src\main\AndroidManifest.xml:60:13-77
activity#com.hiibox.houseshelter.activity.CloudEyesActivity
ADDED from src\main\AndroidManifest.xml:66:9-71:20
	android:launchMode
		ADDED from src\main\AndroidManifest.xml:69:13-43
	android:configChanges
		ADDED from src\main\AndroidManifest.xml:68:13-85
	android:theme
		ADDED from src\main\AndroidManifest.xml:70:13-50
	android:name
		ADDED from src\main\AndroidManifest.xml:67:13-78
activity#com.hiibox.houseshelter.activity.ImprintingActivity
ADDED from src\main\AndroidManifest.xml:72:9-76:20
	android:launchMode
		ADDED from src\main\AndroidManifest.xml:74:13-43
	android:theme
		ADDED from src\main\AndroidManifest.xml:75:13-50
	android:name
		ADDED from src\main\AndroidManifest.xml:73:13-79
activity#com.hiibox.houseshelter.activity.CloudPhotoAlbumActivity
ADDED from src\main\AndroidManifest.xml:77:9-81:20
	android:launchMode
		ADDED from src\main\AndroidManifest.xml:79:13-43
	android:theme
		ADDED from src\main\AndroidManifest.xml:80:13-50
	android:name
		ADDED from src\main\AndroidManifest.xml:78:13-84
activity#com.hiibox.houseshelter.activity.SmartAppActivity
ADDED from src\main\AndroidManifest.xml:82:9-86:20
	android:launchMode
		ADDED from src\main\AndroidManifest.xml:84:13-43
	android:theme
		ADDED from src\main\AndroidManifest.xml:85:13-50
	android:name
		ADDED from src\main\AndroidManifest.xml:83:13-77
activity#com.hiibox.houseshelter.activity.SelfCenterActivity
ADDED from src\main\AndroidManifest.xml:87:9-93:20
	android:launchMode
		ADDED from src\main\AndroidManifest.xml:90:13-43
	android:windowSoftInputMode
		ADDED from src\main\AndroidManifest.xml:92:13-72
	android:configChanges
		ADDED from src\main\AndroidManifest.xml:89:13-63
	android:theme
		ADDED from src\main\AndroidManifest.xml:91:13-50
	android:name
		ADDED from src\main\AndroidManifest.xml:88:13-79
activity#com.hiibox.houseshelter.activity.CloudPhotoAlbumDetailsActivity
ADDED from src\main\AndroidManifest.xml:94:9-98:20
	android:launchMode
		ADDED from src\main\AndroidManifest.xml:96:13-43
	android:theme
		ADDED from src\main\AndroidManifest.xml:97:13-50
	android:name
		ADDED from src\main\AndroidManifest.xml:95:13-91
activity#com.hiibox.houseshelter.activity.CreditsExchangeActivity
ADDED from src\main\AndroidManifest.xml:99:9-103:20
	android:launchMode
		ADDED from src\main\AndroidManifest.xml:101:13-43
	android:theme
		ADDED from src\main\AndroidManifest.xml:102:13-50
	android:name
		ADDED from src\main\AndroidManifest.xml:100:13-84
activity#com.hiibox.houseshelter.activity.PasswordSettingActivity
ADDED from src\main\AndroidManifest.xml:104:9-108:20
	android:launchMode
		ADDED from src\main\AndroidManifest.xml:106:13-43
	android:theme
		ADDED from src\main\AndroidManifest.xml:107:13-50
	android:name
		ADDED from src\main\AndroidManifest.xml:105:13-84
activity#com.hiibox.houseshelter.activity.VerificationCodeSetting
ADDED from src\main\AndroidManifest.xml:109:9-113:20
	android:launchMode
		ADDED from src\main\AndroidManifest.xml:111:13-43
	android:theme
		ADDED from src\main\AndroidManifest.xml:112:13-50
	android:name
		ADDED from src\main\AndroidManifest.xml:110:13-84
activity#com.hiibox.houseshelter.activity.ManageAddressActivity
ADDED from src\main\AndroidManifest.xml:114:9-118:20
	android:launchMode
		ADDED from src\main\AndroidManifest.xml:116:13-43
	android:theme
		ADDED from src\main\AndroidManifest.xml:117:13-50
	android:name
		ADDED from src\main\AndroidManifest.xml:115:13-82
activity#com.hiibox.houseshelter.activity.AddAddressActivity
ADDED from src\main\AndroidManifest.xml:119:9-123:20
	android:launchMode
		ADDED from src\main\AndroidManifest.xml:121:13-43
	android:theme
		ADDED from src\main\AndroidManifest.xml:122:13-50
	android:name
		ADDED from src\main\AndroidManifest.xml:120:13-79
activity#com.hiibox.houseshelter.activity.ScanCodeActivity
ADDED from src\main\AndroidManifest.xml:124:9-131:20
	android:screenOrientation
		ADDED from src\main\AndroidManifest.xml:128:13-49
	android:launchMode
		ADDED from src\main\AndroidManifest.xml:127:13-43
	android:windowSoftInputMode
		ADDED from src\main\AndroidManifest.xml:130:13-60
	android:configChanges
		ADDED from src\main\AndroidManifest.xml:126:13-63
	android:theme
		ADDED from src\main\AndroidManifest.xml:129:13-71
	android:name
		ADDED from src\main\AndroidManifest.xml:125:13-77
activity#com.hiibox.houseshelter.activity.ManageRFIDCardActivity
ADDED from src\main\AndroidManifest.xml:132:9-136:20
	android:launchMode
		ADDED from src\main\AndroidManifest.xml:134:13-43
	android:theme
		ADDED from src\main\AndroidManifest.xml:135:13-50
	android:name
		ADDED from src\main\AndroidManifest.xml:133:13-83
activity#com.hiibox.houseshelter.activity.LoginActivity
ADDED from src\main\AndroidManifest.xml:137:9-143:20
	android:launchMode
		ADDED from src\main\AndroidManifest.xml:140:13-43
	android:windowSoftInputMode
		ADDED from src\main\AndroidManifest.xml:142:13-54
	android:configChanges
		ADDED from src\main\AndroidManifest.xml:139:13-51
	android:theme
		ADDED from src\main\AndroidManifest.xml:141:13-50
	android:name
		ADDED from src\main\AndroidManifest.xml:138:13-74
activity#com.hiibox.houseshelter.activity.NetworkSettingsActivity
ADDED from src\main\AndroidManifest.xml:144:9-148:20
	android:launchMode
		ADDED from src\main\AndroidManifest.xml:146:13-43
	android:theme
		ADDED from src\main\AndroidManifest.xml:147:13-50
	android:name
		ADDED from src\main\AndroidManifest.xml:145:13-84
activity#com.hiibox.houseshelter.activity.CloudEyesSettingsActivity
ADDED from src\main\AndroidManifest.xml:149:9-154:20
	android:launchMode
		ADDED from src\main\AndroidManifest.xml:152:13-43
	android:configChanges
		ADDED from src\main\AndroidManifest.xml:151:13-74
	android:theme
		ADDED from src\main\AndroidManifest.xml:153:13-50
	android:name
		ADDED from src\main\AndroidManifest.xml:150:13-86
activity#com.hiibox.houseshelter.activity.NewsCloudEyesActivity
ADDED from src\main\AndroidManifest.xml:155:9-160:20
	android:launchMode
		ADDED from src\main\AndroidManifest.xml:158:13-43
	android:configChanges
		ADDED from src\main\AndroidManifest.xml:157:13-74
	android:theme
		ADDED from src\main\AndroidManifest.xml:159:13-50
	android:name
		ADDED from src\main\AndroidManifest.xml:156:13-82
activity#com.hiibox.houseshelter.activity.AdviceFeedbackActivity
ADDED from src\main\AndroidManifest.xml:161:9-165:20
	android:launchMode
		ADDED from src\main\AndroidManifest.xml:163:13-43
	android:theme
		ADDED from src\main\AndroidManifest.xml:164:13-50
	android:name
		ADDED from src\main\AndroidManifest.xml:162:13-83
activity#com.hiibox.houseshelter.activity.AddRFIDCardActivity
ADDED from src\main\AndroidManifest.xml:166:9-170:20
	android:launchMode
		ADDED from src\main\AndroidManifest.xml:168:13-43
	android:theme
		ADDED from src\main\AndroidManifest.xml:169:13-50
	android:name
		ADDED from src\main\AndroidManifest.xml:167:13-80
activity#com.hiibox.houseshelter.activity.AddPictureActivity
ADDED from src\main\AndroidManifest.xml:171:9-175:20
	android:launchMode
		ADDED from src\main\AndroidManifest.xml:173:13-43
	android:theme
		ADDED from src\main\AndroidManifest.xml:174:13-47
	android:name
		ADDED from src\main\AndroidManifest.xml:172:13-79
activity#com.hiibox.houseshelter.activity.RegisterActivity
ADDED from src\main\AndroidManifest.xml:176:9-182:20
	android:launchMode
		ADDED from src\main\AndroidManifest.xml:179:13-43
	android:windowSoftInputMode
		ADDED from src\main\AndroidManifest.xml:181:13-54
	android:configChanges
		ADDED from src\main\AndroidManifest.xml:178:13-51
	android:theme
		ADDED from src\main\AndroidManifest.xml:180:13-50
	android:name
		ADDED from src\main\AndroidManifest.xml:177:13-77
activity#com.hiibox.houseshelter.activity.GestureSettingActivity
ADDED from src\main\AndroidManifest.xml:183:9-188:20
	android:screenOrientation
		ADDED from src\main\AndroidManifest.xml:186:13-49
	android:launchMode
		ADDED from src\main\AndroidManifest.xml:185:13-43
	android:theme
		ADDED from src\main\AndroidManifest.xml:187:13-50
	android:name
		ADDED from src\main\AndroidManifest.xml:184:13-83
activity#com.hiibox.houseshelter.activity.CloseGestureActivity
ADDED from src\main\AndroidManifest.xml:189:9-194:20
	android:screenOrientation
		ADDED from src\main\AndroidManifest.xml:192:13-49
	android:launchMode
		ADDED from src\main\AndroidManifest.xml:191:13-43
	android:theme
		ADDED from src\main\AndroidManifest.xml:193:13-50
	android:name
		ADDED from src\main\AndroidManifest.xml:190:13-81
activity#com.hiibox.houseshelter.activity.FamilyMembersActivity
ADDED from src\main\AndroidManifest.xml:195:9-200:20
	android:screenOrientation
		ADDED from src\main\AndroidManifest.xml:198:13-49
	android:launchMode
		ADDED from src\main\AndroidManifest.xml:197:13-43
	android:theme
		ADDED from src\main\AndroidManifest.xml:199:13-47
	android:name
		ADDED from src\main\AndroidManifest.xml:196:13-82
activity#com.hiibox.houseshelter.activity.TemperatureAbnormalActivity
ADDED from src\main\AndroidManifest.xml:201:9-205:20
	android:launchMode
		ADDED from src\main\AndroidManifest.xml:203:13-43
	android:theme
		ADDED from src\main\AndroidManifest.xml:204:13-50
	android:name
		ADDED from src\main\AndroidManifest.xml:202:13-88
activity#com.hiibox.houseshelter.activity.InvadeActivity
ADDED from src\main\AndroidManifest.xml:206:9-210:20
	android:launchMode
		ADDED from src\main\AndroidManifest.xml:208:13-43
	android:theme
		ADDED from src\main\AndroidManifest.xml:209:13-50
	android:name
		ADDED from src\main\AndroidManifest.xml:207:13-75
activity#com.hiibox.houseshelter.activity.ShareActivity
ADDED from src\main\AndroidManifest.xml:211:9-215:20
	android:launchMode
		ADDED from src\main\AndroidManifest.xml:213:13-43
	android:theme
		ADDED from src\main\AndroidManifest.xml:214:13-47
	android:name
		ADDED from src\main\AndroidManifest.xml:212:13-74
activity#com.hiibox.houseshelter.activity.VoiceDialogActivity
ADDED from src\main\AndroidManifest.xml:216:9-220:20
	android:launchMode
		ADDED from src\main\AndroidManifest.xml:218:13-43
	android:theme
		ADDED from src\main\AndroidManifest.xml:219:13-47
	android:name
		ADDED from src\main\AndroidManifest.xml:217:13-80
activity#com.hiibox.houseshelter.activity.AlarmDialogActivity
ADDED from src\main\AndroidManifest.xml:221:9-225:20
	android:launchMode
		ADDED from src\main\AndroidManifest.xml:223:13-43
	android:theme
		ADDED from src\main\AndroidManifest.xml:224:13-47
	android:name
		ADDED from src\main\AndroidManifest.xml:222:13-80
activity#com.hiibox.houseshelter.activity.AboutActivity
ADDED from src\main\AndroidManifest.xml:226:9-230:20
	android:launchMode
		ADDED from src\main\AndroidManifest.xml:228:13-43
	android:theme
		ADDED from src\main\AndroidManifest.xml:229:13-50
	android:name
		ADDED from src\main\AndroidManifest.xml:227:13-74
activity#com.hiibox.houseshelter.activity.AuthCodeDialogActivity
ADDED from src\main\AndroidManifest.xml:231:9-235:20
	android:launchMode
		ADDED from src\main\AndroidManifest.xml:233:13-43
	android:theme
		ADDED from src\main\AndroidManifest.xml:234:13-47
	android:name
		ADDED from src\main\AndroidManifest.xml:232:13-83
activity#com.hiibox.houseshelter.activity.TemperatureDialogActivity
ADDED from src\main\AndroidManifest.xml:236:9-240:20
	android:launchMode
		ADDED from src\main\AndroidManifest.xml:238:13-43
	android:theme
		ADDED from src\main\AndroidManifest.xml:239:13-47
	android:name
		ADDED from src\main\AndroidManifest.xml:237:13-86
activity#com.hiibox.houseshelter.activity.LoginDialogActivity
ADDED from src\main\AndroidManifest.xml:241:9-245:20
	android:launchMode
		ADDED from src\main\AndroidManifest.xml:243:13-43
	android:theme
		ADDED from src\main\AndroidManifest.xml:244:13-47
	android:name
		ADDED from src\main\AndroidManifest.xml:242:13-80
activity#com.tencent.tauth.AuthActivity
ADDED from src\main\AndroidManifest.xml:246:9-259:20
	android:screenOrientation
		ADDED from src\main\AndroidManifest.xml:250:13-49
	android:launchMode
		ADDED from src\main\AndroidManifest.xml:248:13-44
	android:noHistory
		ADDED from src\main\AndroidManifest.xml:249:13-37
	android:name
		ADDED from src\main\AndroidManifest.xml:247:13-58
intent-filter#android.intent.action.VIEW+android.intent.category.BROWSABLE+android.intent.category.DEFAULT
ADDED from src\main\AndroidManifest.xml:251:13-258:29
action#android.intent.action.VIEW
ADDED from src\main\AndroidManifest.xml:252:17-69
	android:name
		ADDED from src\main\AndroidManifest.xml:252:25-66
category#android.intent.category.DEFAULT
ADDED from src\main\AndroidManifest.xml:254:17-76
	android:name
		ADDED from src\main\AndroidManifest.xml:254:27-73
category#android.intent.category.BROWSABLE
ADDED from src\main\AndroidManifest.xml:255:17-78
	android:name
		ADDED from src\main\AndroidManifest.xml:255:27-75
data
ADDED from src\main\AndroidManifest.xml:257:17-59
	android:scheme
		ADDED from src\main\AndroidManifest.xml:257:23-56
activity#com.hiibox.houseshelter.wxapi.WXEntryActivity
ADDED from src\main\AndroidManifest.xml:260:9-264:20
	android:exported
		ADDED from src\main\AndroidManifest.xml:262:13-36
	android:theme
		ADDED from src\main\AndroidManifest.xml:263:13-59
	android:name
		ADDED from src\main\AndroidManifest.xml:261:13-73
activity#com.hiibox.houseshelter.wifitools.NewWifiListGet
ADDED from src\main\AndroidManifest.xml:265:9-268:20
	android:launchMode
		ADDED from src\main\AndroidManifest.xml:267:13-43
	android:name
		ADDED from src\main\AndroidManifest.xml:266:13-76
activity#com.hiibox.houseshelter.activity.RetrievePassword
ADDED from src\main\AndroidManifest.xml:269:9-272:20
	android:launchMode
		ADDED from src\main\AndroidManifest.xml:271:13-43
	android:name
		ADDED from src\main\AndroidManifest.xml:270:13-77
activity#com.hiibox.houseshelter.activity.ResetVerifictaicionCode
ADDED from src\main\AndroidManifest.xml:273:9-276:20
	android:launchMode
		ADDED from src\main\AndroidManifest.xml:275:13-43
	android:name
		ADDED from src\main\AndroidManifest.xml:274:13-84
activity#com.hiibox.houseshelter.activity.VersionUpdate
ADDED from src\main\AndroidManifest.xml:277:9-281:20
	android:launchMode
		ADDED from src\main\AndroidManifest.xml:279:13-43
	android:theme
		ADDED from src\main\AndroidManifest.xml:280:13-50
	android:name
		ADDED from src\main\AndroidManifest.xml:278:13-74
activity#com.hiibox.houseshelter.view.ChangeRFidNameDialog
ADDED from src\main\AndroidManifest.xml:282:9-286:20
	android:launchMode
		ADDED from src\main\AndroidManifest.xml:284:13-43
	android:theme
		ADDED from src\main\AndroidManifest.xml:285:13-50
	android:name
		ADDED from src\main\AndroidManifest.xml:283:13-77
activity#com.hiibox.houseshelter.activity.BigPic
ADDED from src\main\AndroidManifest.xml:287:9-76
	android:name
		ADDED from src\main\AndroidManifest.xml:287:19-73
activity#com.hiibox.houseshelter.activity.MainWalletActivity
ADDED from src\main\AndroidManifest.xml:288:9-291:53
	android:launchMode
		ADDED from src\main\AndroidManifest.xml:290:13-43
	android:theme
		ADDED from src\main\AndroidManifest.xml:291:13-50
	android:name
		ADDED from src\main\AndroidManifest.xml:289:13-79
activity#com.hiibox.houseshelter.activity.MainyjydActivity
ADDED from src\main\AndroidManifest.xml:292:9-295:53
	android:launchMode
		ADDED from src\main\AndroidManifest.xml:294:13-43
	android:theme
		ADDED from src\main\AndroidManifest.xml:295:13-50
	android:name
		ADDED from src\main\AndroidManifest.xml:293:13-77
service#com.zgan.push.ZganPushService
ADDED from src\main\AndroidManifest.xml:297:9-300:19
	android:process
		ADDED from src\main\AndroidManifest.xml:299:13-58
	android:name
		ADDED from src\main\AndroidManifest.xml:298:13-57
service#com.hiibox.houseshelter.downtools.DownloadFileService
ADDED from src\main\AndroidManifest.xml:301:9-89
	android:name
		ADDED from src\main\AndroidManifest.xml:301:18-86